<?xml version="1.0" encoding="UTF-8"?>
<testsuite xmlns:xsi="http://www.w3.org/2001/XMLSchema-instance" xsi:noNamespaceSchemaLocation="https://maven.apache.org/surefire/maven-surefire-plugin/xsd/surefire-test-report-3.0.xsd" version="3.0" name="pick.box.PickerBoxTest" time="0.117" tests="2" errors="0" skipped="0" failures="0">
  <properties>
    <property name="java.specification.version" value="17"/>
    <property name="sun.jnu.encoding" value="UTF-8"/>
    <property name="java.class.path" value="/Users/brandon.fowler/Documents/pick-box/target/test-classes:/Users/brandon.fowler/Documents/pick-box/target/classes:/Users/brandon.fowler/.m2/repository/org/junit/jupiter/junit-jupiter-api/5.10.1/junit-jupiter-api-5.10.1.jar:/Users/brandon.fowler/.m2/repository/org/opentest4j/opentest4j/1.3.0/opentest4j-1.3.0.jar:/Users/brandon.fowler/.m2/repository/org/junit/platform/junit-platform-commons/1.10.1/junit-platform-commons-1.10.1.jar:/Users/brandon.fowler/.m2/repository/org/apiguardian/apiguardian-api/1.1.2/apiguardian-api-1.1.2.jar:/Users/brandon.fowler/.m2/repository/com/fasterxml/jackson/core/jackson-databind/2.16.1/jackson-databind-2.16.1.jar:/Users/brandon.fowler/.m2/repository/com/fasterxml/jackson/core/jackson-annotations/2.16.1/jackson-annotations-2.16.1.jar:/Users/brandon.fowler/.m2/repository/com/fasterxml/jackson/core/jackson-core/2.16.1/jackson-core-2.16.1.jar:"/>
    <property name="java.vm.vendor" value="Oracle Corporation"/>
    <property name="sun.arch.data.model" value="64"/>
    <property name="java.vendor.url" value="https://java.oracle.com/"/>
    <property name="user.timezone" value="America/Denver"/>
    <property name="os.name" value="Mac OS X"/>
    <property name="java.vm.specification.version" value="17"/>
    <property name="sun.java.launcher" value="SUN_STANDARD"/>
    <property name="user.country" value="US"/>
    <property name="sun.boot.library.path" value="/Users/brandon.fowler/.sdkman/candidates/java/17.0.2-open/lib"/>
    <property name="sun.java.command" value="/Users/brandon.fowler/Documents/pick-box/target/surefire/surefirebooter-20240402123104592_3.jar /Users/brandon.fowler/Documents/pick-box/target/surefire 2024-04-02T12-31-04_544-jvmRun1 surefire-20240402123104592_1tmp surefire_0-20240402123104592_2tmp"/>
    <property name="http.nonProxyHosts" value="local|*.local|169.254/16|*.169.254/16"/>
    <property name="jdk.debug" value="release"/>
    <property name="surefire.test.class.path" value="/Users/brandon.fowler/Documents/pick-box/target/test-classes:/Users/brandon.fowler/Documents/pick-box/target/classes:/Users/brandon.fowler/.m2/repository/org/junit/jupiter/junit-jupiter-api/5.10.1/junit-jupiter-api-5.10.1.jar:/Users/brandon.fowler/.m2/repository/org/opentest4j/opentest4j/1.3.0/opentest4j-1.3.0.jar:/Users/brandon.fowler/.m2/repository/org/junit/platform/junit-platform-commons/1.10.1/junit-platform-commons-1.10.1.jar:/Users/brandon.fowler/.m2/repository/org/apiguardian/apiguardian-api/1.1.2/apiguardian-api-1.1.2.jar:/Users/brandon.fowler/.m2/repository/com/fasterxml/jackson/core/jackson-databind/2.16.1/jackson-databind-2.16.1.jar:/Users/brandon.fowler/.m2/repository/com/fasterxml/jackson/core/jackson-annotations/2.16.1/jackson-annotations-2.16.1.jar:/Users/brandon.fowler/.m2/repository/com/fasterxml/jackson/core/jackson-core/2.16.1/jackson-core-2.16.1.jar:"/>
    <property name="sun.cpu.endian" value="little"/>
    <property name="user.home" value="/Users/brandon.fowler"/>
    <property name="user.language" value="en"/>
    <property name="java.specification.vendor" value="Oracle Corporation"/>
    <property name="java.version.date" value="2022-01-18"/>
    <property name="java.home" value="/Users/brandon.fowler/.sdkman/candidates/java/17.0.2-open"/>
    <property name="file.separator" value="/"/>
    <property name="basedir" value="/Users/brandon.fowler/Documents/pick-box"/>
    <property name="java.vm.compressedOopsMode" value="Zero based"/>
    <property name="line.separator" value="&#10;"/>
    <property name="java.specification.name" value="Java Platform API Specification"/>
    <property name="java.vm.specification.vendor" value="Oracle Corporation"/>
    <property name="surefire.real.class.path" value="/Users/brandon.fowler/Documents/pick-box/target/surefire/surefirebooter-20240402123104592_3.jar"/>
    <property name="sun.management.compiler" value="HotSpot 64-Bit Tiered Compilers"/>
    <property name="ftp.nonProxyHosts" value="local|*.local|169.254/16|*.169.254/16"/>
    <property name="java.runtime.version" value="17.0.2+8-86"/>
    <property name="user.name" value="brandon.fowler"/>
    <property name="path.separator" value=":"/>
    <property name="os.version" value="14.2.1"/>
    <property name="java.runtime.name" value="OpenJDK Runtime Environment"/>
    <property name="file.encoding" value="UTF-8"/>
    <property name="java.vm.name" value="OpenJDK 64-Bit Server VM"/>
    <property name="localRepository" value="/Users/brandon.fowler/.m2/repository"/>
    <property name="java.vendor.url.bug" value="https://bugreport.java.com/bugreport/"/>
    <property name="java.io.tmpdir" value="/var/folders/c2/xmz4vlns2713vxp47d3xtqpr0000gp/T/"/>
    <property name="java.version" value="17.0.2"/>
    <property name="user.dir" value="/Users/brandon.fowler/Documents/pick-box"/>
    <property name="os.arch" value="aarch64"/>
    <property name="java.vm.specification.name" value="Java Virtual Machine Specification"/>
    <property name="native.encoding" value="UTF-8"/>
    <property name="java.library.path" value="/Users/brandon.fowler/Library/Java/Extensions:/Library/Java/Extensions:/Network/Library/Java/Extensions:/System/Library/Java/Extensions:/usr/lib/java:."/>
    <property name="java.vm.info" value="mixed mode, sharing"/>
    <property name="java.vendor" value="Oracle Corporation"/>
    <property name="java.vm.version" value="17.0.2+8-86"/>
    <property name="sun.io.unicode.encoding" value="UnicodeBig"/>
    <property name="socksNonProxyHosts" value="local|*.local|169.254/16|*.169.254/16"/>
    <property name="java.class.version" value="61.0"/>
  </properties>
  <testcase name="mapDoubleNestedObject" classname="pick.box.PickerBoxTest" time="0.103">
    <system-out><![CDATA[{
  "country" : "USA",
  "city" : "Spanish Fork",
  "classes" : [ {
    "code" : "CS_142",
    "year" : "2024",
    "name" : "CS 142",
    "semester" : "Fall",
    "classDays" : [ {
      "classCode" : "CS_256",
      "campus" : "Main",
      "startTime" : "10:30",
      "id" : "class_142MW",
      "endTime" : "11:30",
      "studentIds" : [ "std_1", "std_2" ],
      "day" : [ "MONDAY", "WEDNESDAY" ],
      "room" : "101",
      "building" : "Taylor"
    } ]
  }, {
    "code" : "CS_256",
    "year" : "2024",
    "name" : "CS 256",
    "semester" : "Fall",
    "classDays" : [ {
      "campus" : "Main",
      "startTime" : "10:30",
      "id" : "class_256MW",
      "endTime" : "11:30",
      "studentIds" : [ "std_1", "std_2" ],
      "day" : [ "MONDAY", "WEDNESDAY" ],
      "room" : "204",
      "building" : "Taylor"
    } ]
  } ],
  "name" : "Teaching Focused University",
  "professors" : [ {
    "classDayIds" : [ "class_142MW", "class_256MW" ],
    "areaOfStudy" : "Computer Science",
    "name" : "Dr. Nelson",
    "id" : "pro_1",
    "studentIds" : [ "std_1", "std_2" ]
  } ],
  "students" : [ {
    "classDayIds" : [ "class_142MW", "class_256MW" ],
    "classIdToGrades" : {
      "class_256MW" : "B",
      "class_142MW" : "A"
    },
    "name" : "Pamela de la Cruz",
    "id" : "std_1"
  }, {
    "classDayIds" : [ "class_142MW", "class_256MW" ],
    "classIdToGrades" : {
      "class_256MW" : "B",
      "class_142MW" : "A"
    },
    "name" : "James Francis",
    "id" : "std_2"
  } ],
  "id" : "univ_1",
  "state" : "Utah"
}
]]></system-out>
  </testcase>
  <testcase name="mapNestedObject" classname="pick.box.PickerBoxTest" time="0.005">
    <system-out><![CDATA[{
  "children" : [ {
    "gender" : "MALE",
    "name" : "Dan",
    "age" : 11
  }, {
    "gender" : "FEMALE",
    "name" : "Julie",
    "age" : 4
  } ],
  "name" : "Stinky Dad"
}
]]></system-out>
  </testcase>
</testsuite>